<?xml version="1.0" encoding="UTF-8"?>
<!-- Generated by org.testng.reporters.JUnitXMLReporter -->
<testsuite ignored="0" hostname="Patrycjas-MBP" failures="0" tests="10" name="Surefire test" time="57.828" errors="0" timestamp="2024-03-18T22:30:28 CET">
  <testcase classname="WelcomeScreenTest" name="LogInWithFacebookButtonWorksCorrectly" time="5.129"/>
  <testcase classname="WelcomeScreenTest" name="logInWithEmailButtonWorksCorrectly" time="2.084"/>
  <testcase classname="WelcomeScreenTest" name="signUpButtonWorksCorrectly" time="2.313"/>
  <testcase classname="WelcomeScreenTest" name="welcomePageIsCorrectlyDisplayed" time="1.211"/>
  <testcase classname="LogInWithEmailScreenTest" name="logInWithEmailFormCanBeFilled" time="2.426"/>
  <testcase classname="LogInWithEmailScreenTest" name="logInWithEmailPageIsCorrectlyDisplayed" time="1.227"/>
  <testcase classname="LogInWithFacebookScreenTest" name="logInWithFacebookPageIsCorrectlyDisplayed" time="5.582"/>
  <testcase classname="SignUpScreenTest" name="alreadyHaveAccountButtonCanBeSelected" time="2.364"/>
  <testcase classname="SignUpScreenTest" name="signUpFormCanBeFilled" time="2.703"/>
  <testcase classname="SignUpScreenTest" name="signUpFormIsCorrectlyDisplayed" time="1.536"/>
</testsuite> <!-- Surefire test -->
