<?xml version="1.0" encoding="UTF-8"?>
<!-- Generated by org.testng.reporters.JUnitXMLReporter -->
<testsuite ignored="0" hostname="Patrycjas-MBP" failures="0" tests="1" name="Command line test" time="0.148" errors="0" timestamp="2024-03-18T12:02:13 CET">
  <testcase classname="BaseTest" name="@BeforeClass configureAppium" time="0.109">
    <failure type="java.lang.IllegalArgumentException" message="Unknown HttpClient factory netty">
      <![CDATA[java.lang.IllegalArgumentException: Unknown HttpClient factory netty
at org.openqa.selenium.remote.http.HttpClient$Factory.create(HttpClient.java:57)
at org.openqa.selenium.remote.http.HttpClient$Factory.createDefault(HttpClient.java:74)
at io.appium.java_client.remote.AppiumCommandExecutor.<init>(AppiumCommandExecutor.java:102)
at io.appium.java_client.AppiumDriver.<init>(AppiumDriver.java:102)
at io.appium.java_client.android.AndroidDriver.<init>(AndroidDriver.java:109)
at BaseTest.configureAppium(BaseTest.java:27)
at java.base/java.util.ArrayList.forEach(ArrayList.java:1540)
... Removed 35 stack frames]]>
    </failure>
  </testcase> <!-- @BeforeClass configureAppium -->
  <testcase classname="BaseTest" name="@AfterClass tearDown" time="0.0">
    <skipped/>
  </testcase> <!-- @AfterClass tearDown -->
  <testcase classname="WelcomeScreenTest" name="signUpTest" time="0.0">
    <skipped/>
  </testcase> <!-- signUpTest -->
</testsuite> <!-- Command line test -->
