<?xml version="1.0" encoding="UTF-8"?>
<testng-results ignored="0" total="10" passed="10" failed="0" skipped="0">
  <reporter-output>
  </reporter-output>
  <suite started-at="2024-03-18T22:29:30 CET" name="Surefire suite" finished-at="2024-03-18T22:30:28 CET" duration-ms="57828">
    <groups>
    </groups>
    <test started-at="2024-03-18T22:29:30 CET" name="Surefire test" finished-at="2024-03-18T22:30:28 CET" duration-ms="57828">
      <class name="SignUpScreenTest">
        <test-method is-config="true" signature="configureAppium()[pri:0, instance:SignUpScreenTest@11dc3715]" started-at="2024-03-18T22:30:11 CET" name="configureAppium" finished-at="2024-03-18T22:30:17 CET" duration-ms="5530" status="PASS">
          <reporter-output>
          </reporter-output>
        </test-method> <!-- configureAppium -->
        <test-method is-config="true" signature="navigateToPage()[pri:0, instance:SignUpScreenTest@11dc3715]" started-at="2024-03-18T22:30:17 CET" name="navigateToPage" finished-at="2024-03-18T22:30:17 CET" duration-ms="461" status="PASS">
          <reporter-output>
          </reporter-output>
        </test-method> <!-- navigateToPage -->
        <test-method signature="alreadyHaveAccountButtonCanBeSelected()[pri:0, instance:SignUpScreenTest@11dc3715]" started-at="2024-03-18T22:30:17 CET" name="alreadyHaveAccountButtonCanBeSelected" finished-at="2024-03-18T22:30:19 CET" duration-ms="2364" status="PASS">
          <reporter-output>
          </reporter-output>
        </test-method> <!-- alreadyHaveAccountButtonCanBeSelected -->
        <test-method is-config="true" signature="backToHomePage()[pri:0, instance:SignUpScreenTest@11dc3715]" started-at="2024-03-18T22:30:19 CET" name="backToHomePage" finished-at="2024-03-18T22:30:20 CET" duration-ms="79" status="PASS">
          <reporter-output>
          </reporter-output>
        </test-method> <!-- backToHomePage -->
        <test-method is-config="true" signature="navigateToPage()[pri:0, instance:SignUpScreenTest@11dc3715]" started-at="2024-03-18T22:30:20 CET" name="navigateToPage" finished-at="2024-03-18T22:30:21 CET" duration-ms="1085" status="PASS">
          <reporter-output>
          </reporter-output>
        </test-method> <!-- navigateToPage -->
        <test-method signature="signUpFormCanBeFilled()[pri:0, instance:SignUpScreenTest@11dc3715]" started-at="2024-03-18T22:30:21 CET" name="signUpFormCanBeFilled" finished-at="2024-03-18T22:30:23 CET" duration-ms="2703" status="PASS">
          <reporter-output>
          </reporter-output>
        </test-method> <!-- signUpFormCanBeFilled -->
        <test-method is-config="true" signature="backToHomePage()[pri:0, instance:SignUpScreenTest@11dc3715]" started-at="2024-03-18T22:30:23 CET" name="backToHomePage" finished-at="2024-03-18T22:30:25 CET" duration-ms="1161" status="PASS">
          <reporter-output>
          </reporter-output>
        </test-method> <!-- backToHomePage -->
        <test-method is-config="true" signature="navigateToPage()[pri:0, instance:SignUpScreenTest@11dc3715]" started-at="2024-03-18T22:30:25 CET" name="navigateToPage" finished-at="2024-03-18T22:30:26 CET" duration-ms="987" status="PASS">
          <reporter-output>
          </reporter-output>
        </test-method> <!-- navigateToPage -->
        <test-method signature="signUpFormIsCorrectlyDisplayed()[pri:0, instance:SignUpScreenTest@11dc3715]" started-at="2024-03-18T22:30:26 CET" name="signUpFormIsCorrectlyDisplayed" finished-at="2024-03-18T22:30:27 CET" duration-ms="1536" status="PASS">
          <reporter-output>
          </reporter-output>
        </test-method> <!-- signUpFormIsCorrectlyDisplayed -->
        <test-method is-config="true" signature="backToHomePage()[pri:0, instance:SignUpScreenTest@11dc3715]" started-at="2024-03-18T22:30:27 CET" name="backToHomePage" finished-at="2024-03-18T22:30:27 CET" duration-ms="76" status="PASS">
          <reporter-output>
          </reporter-output>
        </test-method> <!-- backToHomePage -->
        <test-method is-config="true" signature="tearDown()[pri:0, instance:SignUpScreenTest@11dc3715]" started-at="2024-03-18T22:30:27 CET" name="tearDown" finished-at="2024-03-18T22:30:28 CET" duration-ms="377" status="PASS">
          <reporter-output>
          </reporter-output>
        </test-method> <!-- tearDown -->
      </class> <!-- SignUpScreenTest -->
      <class name="LogInWithFacebookScreenTest">
        <test-method is-config="true" signature="configureAppium()[pri:0, instance:LogInWithFacebookScreenTest@d83da2e]" started-at="2024-03-18T22:30:00 CET" name="configureAppium" finished-at="2024-03-18T22:30:05 CET" duration-ms="5399" status="PASS">
          <reporter-output>
          </reporter-output>
        </test-method> <!-- configureAppium -->
        <test-method signature="logInWithFacebookPageIsCorrectlyDisplayed()[pri:0, instance:LogInWithFacebookScreenTest@d83da2e]" started-at="2024-03-18T22:30:05 CET" name="logInWithFacebookPageIsCorrectlyDisplayed" finished-at="2024-03-18T22:30:11 CET" duration-ms="5582" status="PASS">
          <reporter-output>
          </reporter-output>
        </test-method> <!-- logInWithFacebookPageIsCorrectlyDisplayed -->
        <test-method is-config="true" signature="tearDown()[pri:0, instance:LogInWithFacebookScreenTest@d83da2e]" started-at="2024-03-18T22:30:11 CET" name="tearDown" finished-at="2024-03-18T22:30:11 CET" duration-ms="355" status="PASS">
          <reporter-output>
          </reporter-output>
        </test-method> <!-- tearDown -->
      </class> <!-- LogInWithFacebookScreenTest -->
      <class name="WelcomeScreenTest">
        <test-method is-config="true" signature="configureAppium()[pri:0, instance:WelcomeScreenTest@327b636c]" started-at="2024-03-18T22:29:30 CET" name="configureAppium" finished-at="2024-03-18T22:29:37 CET" duration-ms="6885" status="PASS">
          <reporter-output>
          </reporter-output>
        </test-method> <!-- configureAppium -->
        <test-method signature="LogInWithFacebookButtonWorksCorrectly()[pri:0, instance:WelcomeScreenTest@327b636c]" started-at="2024-03-18T22:29:37 CET" name="LogInWithFacebookButtonWorksCorrectly" finished-at="2024-03-18T22:29:42 CET" duration-ms="5129" status="PASS">
          <reporter-output>
          </reporter-output>
        </test-method> <!-- LogInWithFacebookButtonWorksCorrectly -->
        <test-method signature="logInWithEmailButtonWorksCorrectly()[pri:0, instance:WelcomeScreenTest@327b636c]" started-at="2024-03-18T22:29:42 CET" name="logInWithEmailButtonWorksCorrectly" finished-at="2024-03-18T22:29:44 CET" duration-ms="2084" status="PASS">
          <reporter-output>
          </reporter-output>
        </test-method> <!-- logInWithEmailButtonWorksCorrectly -->
        <test-method signature="signUpButtonWorksCorrectly()[pri:0, instance:WelcomeScreenTest@327b636c]" started-at="2024-03-18T22:29:44 CET" name="signUpButtonWorksCorrectly" finished-at="2024-03-18T22:29:46 CET" duration-ms="2313" status="PASS">
          <reporter-output>
          </reporter-output>
        </test-method> <!-- signUpButtonWorksCorrectly -->
        <test-method signature="welcomePageIsCorrectlyDisplayed()[pri:0, instance:WelcomeScreenTest@327b636c]" started-at="2024-03-18T22:29:46 CET" name="welcomePageIsCorrectlyDisplayed" finished-at="2024-03-18T22:29:47 CET" duration-ms="1211" status="PASS">
          <reporter-output>
          </reporter-output>
        </test-method> <!-- welcomePageIsCorrectlyDisplayed -->
        <test-method is-config="true" signature="tearDown()[pri:0, instance:WelcomeScreenTest@327b636c]" started-at="2024-03-18T22:29:47 CET" name="tearDown" finished-at="2024-03-18T22:29:48 CET" duration-ms="336" status="PASS">
          <reporter-output>
          </reporter-output>
        </test-method> <!-- tearDown -->
      </class> <!-- WelcomeScreenTest -->
      <class name="LogInWithEmailScreenTest">
        <test-method is-config="true" signature="configureAppium()[pri:0, instance:LogInWithEmailScreenTest@fdefd3f]" started-at="2024-03-18T22:29:48 CET" name="configureAppium" finished-at="2024-03-18T22:29:53 CET" duration-ms="5502" status="PASS">
          <reporter-output>
          </reporter-output>
        </test-method> <!-- configureAppium -->
        <test-method is-config="true" signature="navigateToPage()[pri:0, instance:LogInWithEmailScreenTest@fdefd3f]" started-at="2024-03-18T22:29:53 CET" name="navigateToPage" finished-at="2024-03-18T22:29:53 CET" duration-ms="185" status="PASS">
          <reporter-output>
          </reporter-output>
        </test-method> <!-- navigateToPage -->
        <test-method signature="logInWithEmailFormCanBeFilled()[pri:0, instance:LogInWithEmailScreenTest@fdefd3f]" started-at="2024-03-18T22:29:53 CET" name="logInWithEmailFormCanBeFilled" finished-at="2024-03-18T22:29:56 CET" duration-ms="2426" status="PASS">
          <reporter-output>
          </reporter-output>
        </test-method> <!-- logInWithEmailFormCanBeFilled -->
        <test-method is-config="true" signature="backToHomePage()[pri:0, instance:LogInWithEmailScreenTest@fdefd3f]" started-at="2024-03-18T22:29:56 CET" name="backToHomePage" finished-at="2024-03-18T22:29:57 CET" duration-ms="1228" status="PASS">
          <reporter-output>
          </reporter-output>
        </test-method> <!-- backToHomePage -->
        <test-method is-config="true" signature="navigateToPage()[pri:0, instance:LogInWithEmailScreenTest@fdefd3f]" started-at="2024-03-18T22:29:57 CET" name="navigateToPage" finished-at="2024-03-18T22:29:58 CET" duration-ms="1024" status="PASS">
          <reporter-output>
          </reporter-output>
        </test-method> <!-- navigateToPage -->
        <test-method signature="logInWithEmailPageIsCorrectlyDisplayed()[pri:0, instance:LogInWithEmailScreenTest@fdefd3f]" started-at="2024-03-18T22:29:58 CET" name="logInWithEmailPageIsCorrectlyDisplayed" finished-at="2024-03-18T22:29:59 CET" duration-ms="1227" status="PASS">
          <reporter-output>
          </reporter-output>
        </test-method> <!-- logInWithEmailPageIsCorrectlyDisplayed -->
        <test-method is-config="true" signature="backToHomePage()[pri:0, instance:LogInWithEmailScreenTest@fdefd3f]" started-at="2024-03-18T22:29:59 CET" name="backToHomePage" finished-at="2024-03-18T22:29:59 CET" duration-ms="118" status="PASS">
          <reporter-output>
          </reporter-output>
        </test-method> <!-- backToHomePage -->
        <test-method is-config="true" signature="tearDown()[pri:0, instance:LogInWithEmailScreenTest@fdefd3f]" started-at="2024-03-18T22:29:59 CET" name="tearDown" finished-at="2024-03-18T22:30:00 CET" duration-ms="394" status="PASS">
          <reporter-output>
          </reporter-output>
        </test-method> <!-- tearDown -->
      </class> <!-- LogInWithEmailScreenTest -->
    </test> <!-- Surefire test -->
  </suite> <!-- Surefire suite -->
</testng-results>
